[debug] [2021-02-19T08:59:44.258Z] ----------------------------------------------------------------------
[debug] [2021-02-19T08:59:44.260Z] Command:       C:\Program Files\nodejs\node.exe C:\Users\ASUS\AppData\Roaming\npm\node_modules\firebase-tools\lib\bin\firebase.js init
[debug] [2021-02-19T08:59:44.260Z] CLI Version:   9.4.0
[debug] [2021-02-19T08:59:44.261Z] Platform:      win32
[debug] [2021-02-19T08:59:44.261Z] Node Version:  v12.18.3
[debug] [2021-02-19T08:59:44.262Z] Time:          Fri Feb 19 2021 15:59:44 GMT+0700 (Indochina Time)
[debug] [2021-02-19T08:59:44.262Z] ----------------------------------------------------------------------
[debug] [2021-02-19T08:59:44.262Z] 
[debug] [2021-02-19T08:59:44.267Z] > command requires scopes: ["email","openid","https://www.googleapis.com/auth/cloudplatformprojects.readonly","https://www.googleapis.com/auth/firebase","https://www.googleapis.com/auth/cloud-platform"]
[debug] [2021-02-19T08:59:44.268Z] > authorizing via signed-in user
[info] 
     ######## #### ########  ######## ########     ###     ######  ########
     ##        ##  ##     ## ##       ##     ##  ##   ##  ##       ##
     ######    ##  ########  ######   ########  #########  ######  ######
     ##        ##  ##    ##  ##       ##     ## ##     ##       ## ##
     ##       #### ##     ## ######## ########  ##     ##  ######  ########

You're about to initialize a Firebase project in this directory:

  C:\Users\ASUS\Downloads\web-mobile\web-mobile

[info] 
=== Project Setup
[info] 
[info] First, let's associate this project directory with a Firebase project.
[info] You can create multiple project aliases by running firebase use --add, 
[info] but for now we'll just set up a default project.
[info] 
[debug] [2021-02-19T08:59:52.040Z] >>> [apiv2][query] GET https://firebase.googleapis.com/v1beta1/projects pageSize=100
[debug] [2021-02-19T08:59:52.588Z] <<< [apiv2][status] GET https://firebase.googleapis.com/v1beta1/projects 200
[debug] [2021-02-19T08:59:52.589Z] <<< [apiv2][body] GET https://firebase.googleapis.com/v1beta1/projects [omitted]
[info] i  Using project rubatosis-48d17 (rubatosis) 
[info] 
=== Hosting Setup
[info] 
[info] Your public directory is the folder (relative to your project directory) that
[info] will contain Hosting assets to be uploaded with firebase deploy. If you
[info] have a build process for your assets, use your build's output directory.
[info] 
[debug] [2021-02-19T09:00:11.168Z] >>> [apiv2][query] GET https://www.gstatic.com/firebasejs/releases.json [none]
[debug] [2021-02-19T09:00:13.728Z] <<< [apiv2][status] GET https://www.gstatic.com/firebasejs/releases.json 200
[debug] [2021-02-19T09:00:13.728Z] <<< [apiv2][body] GET https://www.gstatic.com/firebasejs/releases.json {"current":{"version":"8.2.8","browserURL":"https://www.gstatic.com/firebasejs/8.2.8/firebase.js","packageURL":"https://www.gstatic.com/firebasejs/8.2.8/firebase.tgz"},"live":{"version":"8.2","browserURL":"https://www.gstatic.com/firebasejs/live/8.2/firebase.js","packageURL":"https://www.gstatic.com/firebasejs/live/8.2/firebase.tgz"},"components":{"analytics":"https://www.gstatic.com/firebasejs/8.2.8/firebase-analytics.js","app":"https://www.gstatic.com/firebasejs/8.2.8/firebase-app.js","auth":"https://www.gstatic.com/firebasejs/8.2.8/firebase-auth.js","database":"https://www.gstatic.com/firebasejs/8.2.8/firebase-database.js","firestore":"https://www.gstatic.com/firebasejs/8.2.8/firebase-firestore.js","functions":"https://www.gstatic.com/firebasejs/8.2.8/firebase-functions.js","installations":"https://www.gstatic.com/firebasejs/8.2.8/firebase-installations.js","messaging":"https://www.gstatic.com/firebasejs/8.2.8/firebase-messaging.js","storage":"https://www.gstatic.com/firebasejs/8.2.8/firebase-storage.js","performance":"https://www.gstatic.com/firebasejs/8.2.8/firebase-performance.js","remote-config":"https://www.gstatic.com/firebasejs/8.2.8/firebase-remote-config.js","firestore.memory":"https://www.gstatic.com/firebasejs/8.2.8/firebase-firestore.memory.js"}}
[info] i  Skipping write of ./index.html 
[info] 
[info] i  Didn't detect a .git folder. Assuming C:\Users\ASUS\Downloads\web-mobile\web-mobile is the project root. 
[info] i  Authorizing with GitHub to upload your service account to a GitHub repository's secrets store. 
[info] 
[info] Visit this URL on this device to log in:
[info] https://github.com/login/oauth/authorize?client_id=89cf50f02ac6aaed3484&state=874587742&redirect_uri=http%3A%2F%2Flocalhost%3A9005&scope=read%3Auser%20repo%20public_repo
[info] 
[info] Waiting for authentication...
[debug] [2021-02-19T09:00:17.479Z] >>> HTTP REQUEST POST https://github.com/login/oauth/access_token  
 {"client_id":"89cf50f02ac6aaed3484","client_secret":"3330d14abc895d9a74d5f17cd7a00711fa2c5bf0","code":"1b92ebc78786bb7050c6","redirect_uri":"http://localhost:9005","state":"874587742"}
[debug] [2021-02-19T09:00:17.889Z] <<< HTTP RESPONSE 200 {"server":"GitHub.com","date":"Fri, 19 Feb 2021 09:00:36 GMT","content-type":"application/json; charset=utf-8","vary":"X-PJAX, Accept-Encoding, Accept, X-Requested-With","etag":"W/\"7d60710459703f434490d78be0089642\"","cache-control":"max-age=0, private, must-revalidate","strict-transport-security":"max-age=31536000; includeSubdomains; preload","x-frame-options":"deny","x-content-type-options":"nosniff","x-xss-protection":"1; mode=block","referrer-policy":"origin-when-cross-origin, strict-origin-when-cross-origin","expect-ct":"max-age=2592000, report-uri=\"https://api.github.com/_private/browser/errors\"","content-security-policy":"default-src 'none'; base-uri 'self'; block-all-mixed-content; connect-src 'self' uploads.github.com www.githubstatus.com collector.githubapp.com api.github.com github-cloud.s3.amazonaws.com github-production-repository-file-5c1aeb.s3.amazonaws.com github-production-upload-manifest-file-7fdce7.s3.amazonaws.com github-production-user-asset-6210df.s3.amazonaws.com cdn.optimizely.com logx.optimizely.com/v1/events wss://alive.github.com; font-src github.githubassets.com; form-action 'self' github.com gist.github.com; frame-ancestors 'none'; frame-src render.githubusercontent.com; img-src 'self' data: github.githubassets.com identicons.github.com collector.githubapp.com github-cloud.s3.amazonaws.com user-images.githubusercontent.com/ *.githubusercontent.com; manifest-src 'self'; media-src 'none'; script-src github.githubassets.com; style-src 'unsafe-inline' github.githubassets.com; worker-src github.com/socket-worker-5029ae85.js gist.github.com/socket-worker-5029ae85.js","x-github-request-id":"F6B4:4A2C:4B2681:528F69:602F7E34","transfer-encoding":"chunked"}
[debug] [2021-02-19T09:00:17.898Z] >>> [apiv2][query] GET https://api.github.com/user [none]
[debug] [2021-02-19T09:00:18.475Z] <<< [apiv2][status] GET https://api.github.com/user 200
[debug] [2021-02-19T09:00:18.476Z] <<< [apiv2][body] GET https://api.github.com/user {"login":"tnah-hcmus","id":56346763,"node_id":"MDQ6VXNlcjU2MzQ2NzYz","avatar_url":"https://avatars.githubusercontent.com/u/56346763?v=4","gravatar_id":"","url":"https://api.github.com/users/tnah-hcmus","html_url":"https://github.com/tnah-hcmus","followers_url":"https://api.github.com/users/tnah-hcmus/followers","following_url":"https://api.github.com/users/tnah-hcmus/following{/other_user}","gists_url":"https://api.github.com/users/tnah-hcmus/gists{/gist_id}","starred_url":"https://api.github.com/users/tnah-hcmus/starred{/owner}{/repo}","subscriptions_url":"https://api.github.com/users/tnah-hcmus/subscriptions","organizations_url":"https://api.github.com/users/tnah-hcmus/orgs","repos_url":"https://api.github.com/users/tnah-hcmus/repos","events_url":"https://api.github.com/users/tnah-hcmus/events{/privacy}","received_events_url":"https://api.github.com/users/tnah-hcmus/received_events","type":"User","site_admin":false,"name":null,"company":null,"blog":"","location":null,"email":null,"hireable":null,"bio":null,"twitter_username":null,"public_repos":7,"public_gists":0,"followers":2,"following":0,"created_at":"2019-10-09T10:45:06Z","updated_at":"2021-02-06T07:35:41Z","private_gists":3,"total_private_repos":1,"owned_private_repos":1,"disk_usage":23237,"collaborators":0,"two_factor_authentication":false,"plan":{"name":"free","space":976562499,"collaborators":0,"private_repos":10000}}
[info] 
[info] +  Success! Logged into GitHub as tnah-hcmus 
[info] 
[debug] [2021-02-19T09:00:29.776Z] >>> [apiv2][query] GET https://api.github.com/repos/n/actions/secrets/public-key type=owner
[debug] [2021-02-19T09:00:30.469Z] <<< [apiv2][status] GET https://api.github.com/repos/n/actions/secrets/public-key 404
[debug] [2021-02-19T09:00:30.470Z] <<< [apiv2][body] GET https://api.github.com/repos/n/actions/secrets/public-key {"message":"Not Found","documentation_url":"https://docs.github.com/rest"}
[debug] [2021-02-19T09:00:32.151Z] >>> [apiv2][query] GET https://api.github.com/repos/n/actions/secrets/public-key type=owner
[debug] [2021-02-19T09:00:32.611Z] <<< [apiv2][status] GET https://api.github.com/repos/n/actions/secrets/public-key 404
[debug] [2021-02-19T09:00:32.612Z] <<< [apiv2][body] GET https://api.github.com/repos/n/actions/secrets/public-key {"message":"Not Found","documentation_url":"https://docs.github.com/rest"}
[debug] [2021-02-19T09:00:33.829Z] >>> [apiv2][query] GET https://api.github.com/repos//actions/secrets/public-key type=owner
[debug] [2021-02-19T09:00:34.494Z] <<< [apiv2][status] GET https://api.github.com/repos//actions/secrets/public-key 404
[debug] [2021-02-19T09:00:34.494Z] <<< [apiv2][body] GET https://api.github.com/repos//actions/secrets/public-key {"message":"Not Found","documentation_url":"https://docs.github.com/rest"}
[debug] [2021-02-19T09:00:47.358Z] ----------------------------------------------------------------------
[debug] [2021-02-19T09:00:47.360Z] Command:       C:\Program Files\nodejs\node.exe C:\Users\ASUS\AppData\Roaming\npm\node_modules\firebase-tools\lib\bin\firebase.js init
[debug] [2021-02-19T09:00:47.361Z] CLI Version:   9.4.0
[debug] [2021-02-19T09:00:47.361Z] Platform:      win32
[debug] [2021-02-19T09:00:47.361Z] Node Version:  v12.18.3
[debug] [2021-02-19T09:00:47.362Z] Time:          Fri Feb 19 2021 16:00:47 GMT+0700 (Indochina Time)
[debug] [2021-02-19T09:00:47.362Z] ----------------------------------------------------------------------
[debug] [2021-02-19T09:00:47.362Z] 
[debug] [2021-02-19T09:00:47.368Z] > command requires scopes: ["email","openid","https://www.googleapis.com/auth/cloudplatformprojects.readonly","https://www.googleapis.com/auth/firebase","https://www.googleapis.com/auth/cloud-platform"]
[debug] [2021-02-19T09:00:47.369Z] > authorizing via signed-in user
[info] 
     ######## #### ########  ######## ########     ###     ######  ########
     ##        ##  ##     ## ##       ##     ##  ##   ##  ##       ##
     ######    ##  ########  ######   ########  #########  ######  ######
     ##        ##  ##    ##  ##       ##     ## ##     ##       ## ##
     ##       #### ##     ## ######## ########  ##     ##  ######  ########

You're about to initialize a Firebase project in this directory:

  C:\Users\ASUS\Downloads\web-mobile\web-mobile

